<?xml version="1.0" encoding="UTF-8"?>
<!-- Generated by org.testng.reporters.JUnitReportReporter -->
<testsuite hostname="DESKTOP-UFUVF4F" failures="0" tests="2" name="com.aspire.frameWork.Sample2" time="0.019" errors="0" timestamp="2022-09-28T00:35:24 IST" skipped="0">
  <testcase classname="com.aspire.frameWork.Sample2" name="method1" time="0.014"/>
  <system-out/>
  <testcase classname="com.aspire.frameWork.Sample2" name="method2" time="0.005"/>
  <system-out/>
</testsuite> <!-- com.aspire.frameWork.Sample2 -->
