<?xml version="1.0" encoding="UTF-8"?>
<!-- Generated by org.testng.reporters.JUnitReportReporter -->
<testsuite hostname="DESKTOP-UFUVF4F" failures="0" tests="4" name="com.aspire.frameWork.POMFactory_DataDriven_TestNgBaseClass.TestClass" time="23.848" errors="0" timestamp="2022-10-06T21:04:56 IST" skipped="0">
  <testcase classname="com.aspire.frameWork.POMFactory_DataDriven_TestNgBaseClass.TestClass" name="logoVerify" time="5.716"/>
  <system-out/>
  <testcase classname="com.aspire.frameWork.POMFactory_DataDriven_TestNgBaseClass.TestClass" name="titleVerify" time="3.210"/>
  <system-out/>
  <testcase classname="com.aspire.frameWork.POMFactory_DataDriven_TestNgBaseClass.TestClass" name="chkBoxVerify" time="2.060"/>
  <system-out/>
  <testcase classname="com.aspire.frameWork.POMFactory_DataDriven_TestNgBaseClass.TestClass" name="loginVerify" time="12.862"/>
  <system-out/>
</testsuite> <!-- com.aspire.frameWork.POMFactory_DataDriven_TestNgBaseClass.TestClass -->
