<?xml version="1.0" encoding="UTF-8"?>
<!-- Generated by org.testng.reporters.JUnitReportReporter -->
<testsuite hostname="DESKTOP-UFUVF4F" failures="0" tests="1" name="com.aspire.frameWork.compatibility" time="10.141" errors="0" timestamp="2022-10-08T13:44:25 IST" skipped="0">
  <testcase classname="com.aspire.frameWork.compatibility" name="chromebrowser" time="10.141"/>
  <system-out/>
</testsuite> <!-- com.aspire.frameWork.compatibility -->
