<?xml version="1.0" encoding="UTF-8"?>
<!-- Generated by org.testng.reporters.JUnitReportReporter -->
<testsuite hostname="DESKTOP-UFUVF4F" failures="0" tests="4" name="com.aspire.frameWork.parallelExecution" time="111.820" errors="0" timestamp="2022-10-13T20:55:11 IST" skipped="0">
  <testcase classname="com.aspire.frameWork.parallelExecution" name="chromeBrowser" time="12.587"/>
  <system-out/>
  <testcase classname="com.aspire.frameWork.parallelExecution" name="execution" time="59.614"/>
  <system-out/>
  <testcase classname="com.aspire.frameWork.parallelExecution" name="edgeBrowser" time="10.447"/>
  <system-out/>
  <testcase classname="com.aspire.frameWork.parallelExecution" name="execution" time="29.172"/>
  <system-out/>
</testsuite> <!-- com.aspire.frameWork.parallelExecution -->
