<?xml version="1.0" encoding="UTF-8"?>
<!-- Generated by org.testng.reporters.JUnitReportReporter -->
<testsuite hostname="DESKTOP-UFUVF4F" failures="0" tests="3" name="com.aspire.frameWork.include_Exclude" time="0.017" errors="0" timestamp="2022-09-30T10:39:48 IST" skipped="1">
  <testcase classname="com.aspire.frameWork.include_Exclude" name="tc2" time="0.012"/>
  <system-out>
    <![CDATA[TC2]]>
  </system-out>
  <testcase classname="com.aspire.frameWork.include_Exclude" name="tc3" time="0.005"/>
  <system-out>
    <![CDATA[TC3]]>
  </system-out>
  <testcase classname="com.aspire.frameWork.include_Exclude" name="tc1">
    <skipped/>
  </testcase> <!-- tc1 -->
  <system-out/>
</testsuite> <!-- com.aspire.frameWork.include_Exclude -->
