<?xml version="1.0" encoding="UTF-8"?>
<!-- Generated by org.testng.reporters.JUnitReportReporter -->
<testsuite hostname="DESKTOP-UFUVF4F" failures="0" tests="4" name="com.aspire.frameWork.TestNgBaseClass.TestClass" time="37.246" errors="0" timestamp="2022-10-06T09:13:18 IST" skipped="0">
  <testcase classname="com.aspire.frameWork.TestNgBaseClass.TestClass" name="logoVerify" time="5.234"/>
  <system-out/>
  <testcase classname="com.aspire.frameWork.TestNgBaseClass.TestClass" name="titleVerify" time="2.634"/>
  <system-out/>
  <testcase classname="com.aspire.frameWork.TestNgBaseClass.TestClass" name="chkBoxVerify" time="2.033"/>
  <system-out/>
  <testcase classname="com.aspire.frameWork.TestNgBaseClass.TestClass" name="loginVerify" time="27.345"/>
  <system-out/>
</testsuite> <!-- com.aspire.frameWork.TestNgBaseClass.TestClass -->
