<?xml version="1.0" encoding="UTF-8"?>
<!-- Generated by org.testng.reporters.JUnitReportReporter -->
<testsuite hostname="DESKTOP-UFUVF4F" failures="0" tests="2" name="com.aspire.frameWork.Annotations" time="0.004" errors="0" timestamp="2022-09-28T10:59:21 IST" skipped="0">
  <testcase classname="com.aspire.frameWork.Annotations" name="method1" time="0.002"/>
  <system-out/>
  <testcase classname="com.aspire.frameWork.Annotations" name="method2" time="0.002"/>
  <system-out/>
</testsuite> <!-- com.aspire.frameWork.Annotations -->
