<?xml version="1.0" encoding="UTF-8"?>
<!-- Generated by org.testng.reporters.JUnitReportReporter -->
<testsuite hostname="DESKTOP-UFUVF4F" failures="0" tests="2" name="com.aspire.frameWork.Sample" time="0.011" errors="0" timestamp="2022-09-30T08:30:53 IST" skipped="1">
  <testcase classname="com.aspire.frameWork.Sample" name="tc3" time="0.011"/>
  <system-out>
    <![CDATA[TC3]]>
  </system-out>
  <testcase classname="com.aspire.frameWork.Sample" name="tc1">
    <skipped/>
  </testcase> <!-- tc1 -->
  <system-out/>
</testsuite> <!-- com.aspire.frameWork.Sample -->
