<?xml version="1.0" encoding="UTF-8"?>
<!-- Generated by org.testng.reporters.JUnitReportReporter -->
<testsuite hostname="DESKTOP-UFUVF4F" failures="0" tests="1" name="com.aspire.frameWork.assertClass_intentional" time="0.010" errors="0" timestamp="2022-09-29T08:48:00 IST" skipped="0">
  <testcase classname="com.aspire.frameWork.assertClass_intentional" name="demo" time="0.010"/>
  <system-out/>
</testsuite> <!-- com.aspire.frameWork.assertClass_intentional -->
