<?xml version="1.0" encoding="UTF-8"?>
<!-- Generated by org.testng.reporters.JUnitReportReporter -->
<testsuite hostname="DESKTOP-UFUVF4F" failures="0" tests="2" name="com.aspire.frameWork.grouping" time="0.013" errors="0" timestamp="2022-09-30T08:39:50 IST" skipped="0">
  <testcase classname="com.aspire.frameWork.grouping" name="tc4" time="0.003"/>
  <system-out>
    <![CDATA[payment2]]>
  </system-out>
  <testcase classname="com.aspire.frameWork.grouping" name="tc3" time="0.010"/>
  <system-out>
    <![CDATA[payment]]>
  </system-out>
</testsuite> <!-- com.aspire.frameWork.grouping -->
