<?xml version="1.0" encoding="UTF-8"?>
<!-- Generated by org.testng.reporters.JUnitReportReporter -->
<testsuite hostname="DESKTOP-UFUVF4F" failures="0" tests="2" name="com.aspire.frameWork.POMpageFactory.TestClass" time="22.591" errors="0" timestamp="2022-10-02T00:16:35 IST" skipped="0">
  <testcase classname="com.aspire.frameWork.POMpageFactory.TestClass" name="closing" time="0.110"/>
  <system-out/>
  <testcase classname="com.aspire.frameWork.POMpageFactory.TestClass" name="broserLaunch" time="22.481"/>
  <system-out/>
</testsuite> <!-- com.aspire.frameWork.POMpageFactory.TestClass -->
