<?xml version="1.0" encoding="UTF-8"?>
<!-- Generated by org.testng.reporters.JUnitReportReporter -->
<testsuite hostname="DESKTOP-UFUVF4F" failures="0" tests="4" name="com.aspire.frameWork.POMFactory_DataDriven_TestNgBaseClass_2.TestClass" time="22.328" errors="0" timestamp="2022-10-07T08:21:14 IST" skipped="0">
  <testcase classname="com.aspire.frameWork.POMFactory_DataDriven_TestNgBaseClass_2.TestClass" name="logoVerify" time="5.533"/>
  <system-out/>
  <testcase classname="com.aspire.frameWork.POMFactory_DataDriven_TestNgBaseClass_2.TestClass" name="titleVerify" time="3.238"/>
  <system-out/>
  <testcase classname="com.aspire.frameWork.POMFactory_DataDriven_TestNgBaseClass_2.TestClass" name="chkBoxVerify" time="2.085"/>
  <system-out/>
  <testcase classname="com.aspire.frameWork.POMFactory_DataDriven_TestNgBaseClass_2.TestClass" name="loginVerify" time="11.472"/>
  <system-out/>
</testsuite> <!-- com.aspire.frameWork.POMFactory_DataDriven_TestNgBaseClass_2.TestClass -->
