<?xml version="1.0" encoding="UTF-8"?>
<!-- Generated by org.testng.reporters.JUnitReportReporter -->
<testsuite hostname="DESKTOP-UFUVF4F" failures="0" tests="2" name="com.aspire.frameWork.DataDriven.TestClass" time="11.150" errors="0" timestamp="2022-10-03T10:42:25 IST" skipped="0">
  <testcase classname="com.aspire.frameWork.DataDriven.TestClass" name="closing" time="0.104"/>
  <system-out/>
  <testcase classname="com.aspire.frameWork.DataDriven.TestClass" name="broserLaunch" time="11.046"/>
  <system-out/>
</testsuite> <!-- com.aspire.frameWork.DataDriven.TestClass -->
